2026-02-07 08:45:04,236 : Test_OrangeHRM_Login_DDT_002 : test_OrangeHRM_Login_DDT_003 : INFO - Starting Test: Verify OrangeHRM Login Functionality
2026-02-07 08:45:04,320 : Test_OrangeHRM_Login_DDT_002 : test_OrangeHRM_Login_DDT_003 : INFO - Total Rows in Excel: 5
2026-02-07 08:45:04,432 : Test_OrangeHRM_Login_DDT_002 : test_OrangeHRM_Login_DDT_003 : INFO - Test Data: Username=Admin, Password=admin123, Expected Result=Login Successful
2026-02-07 08:45:04,433 : Test_OrangeHRM_Login_DDT_002 : test_OrangeHRM_Login_DDT_003 : INFO - Navigating to OrangeHRM Login Page
2026-02-07 08:45:11,016 : Test_OrangeHRM_Login_DDT_002 : test_OrangeHRM_Login_DDT_003 : INFO - OrangeHRM Login Page Loaded
2026-02-07 08:45:16,072 : Test_OrangeHRM_Login_DDT_002 : test_OrangeHRM_Login_DDT_003 : INFO - Login Successful for Username=Admin
2026-02-07 08:45:18,487 : Test_OrangeHRM_Login_DDT_002 : test_OrangeHRM_Login_DDT_003 : INFO - Test Data: Username=Admin1, Password=admin123, Expected Result=Login Failed
2026-02-07 08:45:18,487 : Test_OrangeHRM_Login_DDT_002 : test_OrangeHRM_Login_DDT_003 : INFO - Navigating to OrangeHRM Login Page
2026-02-07 08:45:22,238 : Test_OrangeHRM_Login_DDT_002 : test_OrangeHRM_Login_DDT_003 : INFO - OrangeHRM Login Page Loaded
2026-02-07 08:45:33,665 : Test_OrangeHRM_Login_DDT_002 : test_OrangeHRM_Login_DDT_003 : INFO - Login Successful for Username=Admin1
2026-02-07 08:46:22,760 : Test_OrangeHRM_Login_DDT_002 : test_OrangeHRM_Login_DDT_003 : INFO - Starting Test: Verify OrangeHRM Login Functionality
2026-02-07 08:46:22,780 : Test_OrangeHRM_Login_DDT_002 : test_OrangeHRM_Login_DDT_003 : INFO - Total Rows in Excel: 5
2026-02-07 08:46:22,829 : Test_OrangeHRM_Login_DDT_002 : test_OrangeHRM_Login_DDT_003 : INFO - Test Data: Username=Admin, Password=admin123, Expected Result=Login Successful
2026-02-07 08:46:22,829 : Test_OrangeHRM_Login_DDT_002 : test_OrangeHRM_Login_DDT_003 : INFO - Navigating to OrangeHRM Login Page
2026-02-07 08:46:29,023 : Test_OrangeHRM_Login_DDT_002 : test_OrangeHRM_Login_DDT_003 : INFO - OrangeHRM Login Page Loaded
2026-02-07 08:46:33,384 : Test_OrangeHRM_Login_DDT_002 : test_OrangeHRM_Login_DDT_003 : INFO - Login Successful for Username=Admin
2026-02-07 08:46:38,542 : Test_OrangeHRM_Login_DDT_002 : test_OrangeHRM_Login_DDT_003 : INFO - Test Data: Username=Admin1, Password=admin123, Expected Result=Login Failed
2026-02-07 08:46:38,543 : Test_OrangeHRM_Login_DDT_002 : test_OrangeHRM_Login_DDT_003 : INFO - Navigating to OrangeHRM Login Page
2026-02-07 08:46:39,498 : Test_OrangeHRM_Login_DDT_002 : test_OrangeHRM_Login_DDT_003 : INFO - OrangeHRM Login Page Loaded
2026-02-07 08:46:51,316 : Test_OrangeHRM_Login_DDT_002 : test_OrangeHRM_Login_DDT_003 : INFO - Login Successful for Username=Admin1
2026-02-07 08:51:54,700 : Test_OrangeHRM_Login_DDT_002 : test_OrangeHRM_Login_DDT_003 : INFO - Starting Test: Verify OrangeHRM Login Functionality
2026-02-07 08:51:54,713 : Test_OrangeHRM_Login_DDT_002 : test_OrangeHRM_Login_DDT_003 : INFO - Total Rows in Excel: 5
2026-02-07 08:51:54,746 : Test_OrangeHRM_Login_DDT_002 : test_OrangeHRM_Login_DDT_003 : INFO - Test Data: Username=Admin, Password=admin123, Expected Result=Login Successful
2026-02-07 08:51:54,746 : Test_OrangeHRM_Login_DDT_002 : test_OrangeHRM_Login_DDT_003 : INFO - Navigating to OrangeHRM Login Page
2026-02-07 08:52:02,297 : Test_OrangeHRM_Login_DDT_002 : test_OrangeHRM_Login_DDT_003 : INFO - OrangeHRM Login Page Loaded
2026-02-07 08:52:06,564 : Test_OrangeHRM_Login_DDT_002 : test_OrangeHRM_Login_DDT_003 : INFO - Login Successful for Username=Admin
2026-02-07 08:52:11,677 : Test_OrangeHRM_Login_DDT_002 : test_OrangeHRM_Login_DDT_003 : INFO - Test Passed for Username=Admin
2026-02-07 08:52:11,742 : Test_OrangeHRM_Login_DDT_002 : test_OrangeHRM_Login_DDT_003 : INFO - Test Data: Username=Admin1, Password=admin123, Expected Result=Login Failed
2026-02-07 08:52:11,743 : Test_OrangeHRM_Login_DDT_002 : test_OrangeHRM_Login_DDT_003 : INFO - Navigating to OrangeHRM Login Page
2026-02-07 08:52:12,476 : Test_OrangeHRM_Login_DDT_002 : test_OrangeHRM_Login_DDT_003 : INFO - OrangeHRM Login Page Loaded
2026-02-07 08:52:24,079 : Test_OrangeHRM_Login_DDT_002 : test_OrangeHRM_Login_DDT_003 : ERROR - Login Failed for Username=Admin1
2026-02-07 08:52:24,216 : Test_OrangeHRM_Login_DDT_002 : test_OrangeHRM_Login_DDT_003 : INFO - Test Passed for Username=Admin1
2026-02-07 08:52:24,270 : Test_OrangeHRM_Login_DDT_002 : test_OrangeHRM_Login_DDT_003 : INFO - Test Data: Username=Admin, Password=admin1231, Expected Result=Login Failed
2026-02-07 08:52:24,270 : Test_OrangeHRM_Login_DDT_002 : test_OrangeHRM_Login_DDT_003 : INFO - Navigating to OrangeHRM Login Page
2026-02-07 08:52:24,938 : Test_OrangeHRM_Login_DDT_002 : test_OrangeHRM_Login_DDT_003 : INFO - OrangeHRM Login Page Loaded
2026-02-07 08:52:36,466 : Test_OrangeHRM_Login_DDT_002 : test_OrangeHRM_Login_DDT_003 : ERROR - Login Failed for Username=Admin
2026-02-07 08:52:36,567 : Test_OrangeHRM_Login_DDT_002 : test_OrangeHRM_Login_DDT_003 : INFO - Test Passed for Username=Admin
2026-02-07 08:52:36,613 : Test_OrangeHRM_Login_DDT_002 : test_OrangeHRM_Login_DDT_003 : INFO - Test Data: Username=Admin1, Password=admin1231, Expected Result=Login Failed
2026-02-07 08:52:36,613 : Test_OrangeHRM_Login_DDT_002 : test_OrangeHRM_Login_DDT_003 : INFO - Navigating to OrangeHRM Login Page
2026-02-07 08:52:37,376 : Test_OrangeHRM_Login_DDT_002 : test_OrangeHRM_Login_DDT_003 : INFO - OrangeHRM Login Page Loaded
2026-02-07 08:52:48,608 : Test_OrangeHRM_Login_DDT_002 : test_OrangeHRM_Login_DDT_003 : ERROR - Login Failed for Username=Admin1
2026-02-07 08:52:48,719 : Test_OrangeHRM_Login_DDT_002 : test_OrangeHRM_Login_DDT_003 : INFO - Test Passed for Username=Admin1
2026-02-07 08:52:48,749 : Test_OrangeHRM_Login_DDT_002 : test_OrangeHRM_Login_DDT_003 : INFO - Test Results: ['Pass', 'Fail', 'Fail', 'Fail']
2026-02-07 08:53:36,607 : Test_OrangeHRM_Login_DDT_002 : test_OrangeHRM_Login_DDT_003 : INFO - Starting Test: Verify OrangeHRM Login Functionality
2026-02-07 08:53:36,626 : Test_OrangeHRM_Login_DDT_002 : test_OrangeHRM_Login_DDT_003 : INFO - Total Rows in Excel: 5
2026-02-07 08:53:36,675 : Test_OrangeHRM_Login_DDT_002 : test_OrangeHRM_Login_DDT_003 : INFO - Test Data: Username=Admin, Password=admin123, Expected Result=Login Successful
2026-02-07 08:53:36,675 : Test_OrangeHRM_Login_DDT_002 : test_OrangeHRM_Login_DDT_003 : INFO - Navigating to OrangeHRM Login Page
2026-02-07 08:53:45,068 : Test_OrangeHRM_Login_DDT_002 : test_OrangeHRM_Login_DDT_003 : INFO - OrangeHRM Login Page Loaded
2026-02-07 08:53:50,335 : Test_OrangeHRM_Login_DDT_002 : test_OrangeHRM_Login_DDT_003 : INFO - Login Successful for Username=Admin
2026-02-07 08:53:53,685 : Test_OrangeHRM_Login_DDT_002 : test_OrangeHRM_Login_DDT_003 : INFO - Test Passed for Username=Admin
2026-02-07 08:53:53,751 : Test_OrangeHRM_Login_DDT_002 : test_OrangeHRM_Login_DDT_003 : INFO - Test Data: Username=Admin1, Password=admin123, Expected Result=Login Failed
2026-02-07 08:53:53,751 : Test_OrangeHRM_Login_DDT_002 : test_OrangeHRM_Login_DDT_003 : INFO - Navigating to OrangeHRM Login Page
2026-02-07 08:53:57,427 : Test_OrangeHRM_Login_DDT_002 : test_OrangeHRM_Login_DDT_003 : INFO - OrangeHRM Login Page Loaded
2026-02-07 08:54:08,681 : Test_OrangeHRM_Login_DDT_002 : test_OrangeHRM_Login_DDT_003 : ERROR - Login Failed for Username=Admin1
2026-02-07 08:54:08,793 : Test_OrangeHRM_Login_DDT_002 : test_OrangeHRM_Login_DDT_003 : INFO - Test Passed for Username=Admin1
2026-02-07 08:54:08,826 : Test_OrangeHRM_Login_DDT_002 : test_OrangeHRM_Login_DDT_003 : INFO - Test Data: Username=Admin, Password=admin1231, Expected Result=Login Failed
2026-02-07 08:54:08,826 : Test_OrangeHRM_Login_DDT_002 : test_OrangeHRM_Login_DDT_003 : INFO - Navigating to OrangeHRM Login Page
2026-02-07 08:54:09,559 : Test_OrangeHRM_Login_DDT_002 : test_OrangeHRM_Login_DDT_003 : INFO - OrangeHRM Login Page Loaded
2026-02-07 08:54:21,248 : Test_OrangeHRM_Login_DDT_002 : test_OrangeHRM_Login_DDT_003 : ERROR - Login Failed for Username=Admin
2026-02-07 08:54:21,358 : Test_OrangeHRM_Login_DDT_002 : test_OrangeHRM_Login_DDT_003 : INFO - Test Passed for Username=Admin
2026-02-07 08:54:21,382 : Test_OrangeHRM_Login_DDT_002 : test_OrangeHRM_Login_DDT_003 : INFO - Test Data: Username=Admin1, Password=admin1231, Expected Result=Login Failed
2026-02-07 08:54:21,383 : Test_OrangeHRM_Login_DDT_002 : test_OrangeHRM_Login_DDT_003 : INFO - Navigating to OrangeHRM Login Page
2026-02-07 08:54:22,068 : Test_OrangeHRM_Login_DDT_002 : test_OrangeHRM_Login_DDT_003 : INFO - OrangeHRM Login Page Loaded
2026-02-07 08:54:33,683 : Test_OrangeHRM_Login_DDT_002 : test_OrangeHRM_Login_DDT_003 : ERROR - Login Failed for Username=Admin1
2026-02-07 08:54:33,782 : Test_OrangeHRM_Login_DDT_002 : test_OrangeHRM_Login_DDT_003 : INFO - Test Passed for Username=Admin1
2026-02-07 08:54:33,797 : Test_OrangeHRM_Login_DDT_002 : test_OrangeHRM_Login_DDT_003 : INFO - Test Results: ['Pass', 'Pass', 'Pass', 'Pass']
2026-02-07 08:54:33,797 : Test_OrangeHRM_Login_DDT_002 : test_OrangeHRM_Login_DDT_003 : INFO - test_OrangeHRM_Login_DDT_003 test Completed
2026-02-07 08:54:33,797 : Test_OrangeHRM_Login_DDT_002 : test_OrangeHRM_Login_DDT_003 : INFO - =============================================================
2026-02-07 08:55:49,169 : Test_OrangeHRM_Login_DDT_002 : test_OrangeHRM_Login_DDT_003 : INFO - Starting Test: Verify OrangeHRM Login Functionality
2026-02-07 08:55:49,190 : Test_OrangeHRM_Login_DDT_002 : test_OrangeHRM_Login_DDT_003 : INFO - Total Rows in Excel: 5
2026-02-07 08:55:49,240 : Test_OrangeHRM_Login_DDT_002 : test_OrangeHRM_Login_DDT_003 : INFO - Test Data: Username=Admin, Password=admin123, Expected Result=Login Successful
2026-02-07 08:55:49,242 : Test_OrangeHRM_Login_DDT_002 : test_OrangeHRM_Login_DDT_003 : INFO - Navigating to OrangeHRM Login Page
2026-02-07 08:55:50,654 : Test_OrangeHRM_Login_DDT_002 : test_OrangeHRM_Login_DDT_003 : INFO - OrangeHRM Login Page Loaded
2026-02-07 08:56:01,795 : Test_OrangeHRM_Login_DDT_002 : test_OrangeHRM_Login_DDT_003 : INFO - Login Successful for Username=Admin
2026-02-07 08:56:04,028 : Test_OrangeHRM_Login_DDT_002 : test_OrangeHRM_Login_DDT_003 : INFO - Test Passed for Username=Admin
2026-02-07 08:56:04,112 : Test_OrangeHRM_Login_DDT_002 : test_OrangeHRM_Login_DDT_003 : INFO - Test Data: Username=Admin1, Password=admin123, Expected Result=Login Failed
2026-02-07 08:56:04,112 : Test_OrangeHRM_Login_DDT_002 : test_OrangeHRM_Login_DDT_003 : INFO - Navigating to OrangeHRM Login Page
2026-02-07 08:56:04,845 : Test_OrangeHRM_Login_DDT_002 : test_OrangeHRM_Login_DDT_003 : INFO - OrangeHRM Login Page Loaded
2026-02-07 08:56:16,486 : Test_OrangeHRM_Login_DDT_002 : test_OrangeHRM_Login_DDT_003 : ERROR - Login Failed for Username=Admin1
2026-02-07 08:56:16,672 : Test_OrangeHRM_Login_DDT_002 : test_OrangeHRM_Login_DDT_003 : INFO - Test Passed for Username=Admin1
2026-02-07 08:56:16,745 : Test_OrangeHRM_Login_DDT_002 : test_OrangeHRM_Login_DDT_003 : INFO - Test Data: Username=Admin, Password=admin1231, Expected Result=Login Successful
2026-02-07 08:56:16,747 : Test_OrangeHRM_Login_DDT_002 : test_OrangeHRM_Login_DDT_003 : INFO - Navigating to OrangeHRM Login Page
2026-02-07 08:56:17,575 : Test_OrangeHRM_Login_DDT_002 : test_OrangeHRM_Login_DDT_003 : INFO - OrangeHRM Login Page Loaded
2026-02-07 08:56:29,387 : Test_OrangeHRM_Login_DDT_002 : test_OrangeHRM_Login_DDT_003 : ERROR - Login Failed for Username=Admin
2026-02-07 08:56:29,678 : Test_OrangeHRM_Login_DDT_002 : test_OrangeHRM_Login_DDT_003 : ERROR - Test Failed for Username=Admin
2026-02-07 08:56:29,808 : Test_OrangeHRM_Login_DDT_002 : test_OrangeHRM_Login_DDT_003 : INFO - Test Data: Username=Admin1, Password=admin1231, Expected Result=Login Failed
2026-02-07 08:56:29,808 : Test_OrangeHRM_Login_DDT_002 : test_OrangeHRM_Login_DDT_003 : INFO - Navigating to OrangeHRM Login Page
2026-02-07 08:56:30,695 : Test_OrangeHRM_Login_DDT_002 : test_OrangeHRM_Login_DDT_003 : INFO - OrangeHRM Login Page Loaded
2026-02-07 08:56:42,708 : Test_OrangeHRM_Login_DDT_002 : test_OrangeHRM_Login_DDT_003 : ERROR - Login Failed for Username=Admin1
2026-02-07 08:56:43,005 : Test_OrangeHRM_Login_DDT_002 : test_OrangeHRM_Login_DDT_003 : INFO - Test Passed for Username=Admin1
2026-02-07 08:56:43,053 : Test_OrangeHRM_Login_DDT_002 : test_OrangeHRM_Login_DDT_003 : INFO - Test Results: ['Pass', 'Pass', 'Fail', 'Pass']
